[debug] [2018-09-08T19:18:38.784Z] ----------------------------------------------------------------------
[debug] [2018-09-08T19:18:38.784Z] Command:       D:\Dev\node.js\node.exe C:\Users\HomeDesk\AppData\Roaming\npm\node_modules\firebase-tools\bin\firebase serve
[debug] [2018-09-08T19:18:38.784Z] CLI Version:   4.2.1
[debug] [2018-09-08T19:18:38.784Z] Platform:      win32
[debug] [2018-09-08T19:18:38.784Z] Node Version:  v8.11.4
[debug] [2018-09-08T19:18:38.784Z] Time:          Sat Sep 08 2018 21:18:38 GMT+0200 (Paris, Madrid (heure d’été))
[debug] [2018-09-08T19:18:38.784Z] ----------------------------------------------------------------------
[debug] 
[debug] [2018-09-08T19:18:38.800Z] > command requires scopes: ["email","openid","https://www.googleapis.com/auth/cloudplatformprojects.readonly","https://www.googleapis.com/auth/firebase","https://www.googleapis.com/auth/cloud-platform"]
[debug] [2018-09-08T19:18:38.800Z] > authorizing via signed-in user
[debug] [2018-09-08T19:18:38.800Z] >>> HTTP REQUEST GET https://admin.firebase.com/v1/projects/la-cagnotte  
 
[debug] [2018-09-08T19:18:40.090Z] <<< HTTP RESPONSE 200
[debug] [2018-09-08T19:18:40.106Z] >>> HTTP REQUEST GET https://cloudresourcemanager.googleapis.com/v1/projects/la-cagnotte  
 
[debug] [2018-09-08T19:18:41.980Z] <<< HTTP RESPONSE 200
[info] 
[info] === Serving from 'D:\Dev\LaCagnotte'...
[info] 
[debug] [2018-09-08T19:18:41.980Z] >>> HTTP REQUEST GET https://mobilesdk-pa.googleapis.com/v1/projects/49326586193/clients/_:getWebAppConfig  
 
[debug] [2018-09-08T19:18:42.594Z] <<< HTTP RESPONSE 200
[info] i  hosting[la-cagnotte]: Serving hosting files from: public
[info] +  hosting[la-cagnotte]: Local server: http://localhost:5000
